빌드 시작: 2015-06-05 오후 1:28:25
     1>2 노드의 "C:\Users\Heuristy\Documents\visual studio 2013\Projects\PBProject\PBProject\PBProject.vcxproj" 프로젝트(Build 대상)입니다.
     1>ClCompile:
         E:\Program Files (x86)\Microsoft Visual Studio 12.0\VC\bin\CL.exe /c /I./include /ZI /nologo /W3 /WX- /sdl /Od /Oy- /D _MBCS /Gm /EHsc /RTC1 /MDd /GS /fp:precise /Zc:wchar_t /Zc:forScope /Fo"Debug\\" /Fd"Debug\vc120.pdb" /Gd /TP /analyze- /errorReport:prompt main.cpp
         main.cpp
     1>c:\users\heuristy\documents\visual studio 2013\projects\pbproject\pbproject\main.cpp(145): warning C4018: '<' : signed 또는 unsigned가 일치하지 않습니다.
     1>c:\users\heuristy\documents\visual studio 2013\projects\pbproject\pbproject\main.cpp(152): warning C4018: '<' : signed 또는 unsigned가 일치하지 않습니다.
     1>c:\users\heuristy\documents\visual studio 2013\projects\pbproject\pbproject\main.cpp(159): warning C4018: '<' : signed 또는 unsigned가 일치하지 않습니다.
     1>c:\users\heuristy\documents\visual studio 2013\projects\pbproject\pbproject\main.cpp(176): warning C4018: '<' : signed 또는 unsigned가 일치하지 않습니다.
     1>c:\users\heuristy\documents\visual studio 2013\projects\pbproject\pbproject\main.cpp(197): warning C4018: '<' : signed 또는 unsigned가 일치하지 않습니다.
     1>c:\users\heuristy\documents\visual studio 2013\projects\pbproject\pbproject\main.cpp(296): warning C4018: '<' : signed 또는 unsigned가 일치하지 않습니다.
     1>c:\users\heuristy\documents\visual studio 2013\projects\pbproject\pbproject\main.cpp(356): warning C4018: '<' : signed 또는 unsigned가 일치하지 않습니다.
     1>c:\users\heuristy\documents\visual studio 2013\projects\pbproject\pbproject\main.cpp(370): warning C4018: '<' : signed 또는 unsigned가 일치하지 않습니다.
     1>c:\users\heuristy\documents\visual studio 2013\projects\pbproject\pbproject\main.cpp(421): warning C4018: '<' : signed 또는 unsigned가 일치하지 않습니다.
     1>c:\users\heuristy\documents\visual studio 2013\projects\pbproject\pbproject\main.cpp(428): warning C4018: '<' : signed 또는 unsigned가 일치하지 않습니다.
     1>c:\users\heuristy\documents\visual studio 2013\projects\pbproject\pbproject\main.cpp(453): warning C4018: '<' : signed 또는 unsigned가 일치하지 않습니다.
     1>c:\users\heuristy\documents\visual studio 2013\projects\pbproject\pbproject\main.cpp(471): warning C4018: '<' : signed 또는 unsigned가 일치하지 않습니다.
       Link:
         E:\Program Files (x86)\Microsoft Visual Studio 12.0\VC\bin\link.exe /ERRORREPORT:PROMPT /OUT:"C:\Users\Heuristy\Documents\Visual Studio 2013\Projects\PBProject\Debug\PBProject.exe" /INCREMENTAL /NOLOGO /LIBPATH:./lib glew32.lib glut32.lib kernel32.lib user32.lib gdi32.lib winspool.lib comdlg32.lib advapi32.lib shell32.lib ole32.lib oleaut32.lib uuid.lib odbc32.lib odbccp32.lib /MANIFEST /MANIFESTUAC:"level='asInvoker' uiAccess='false'" /manifest:embed /DEBUG /PDB:"C:\Users\Heuristy\Documents\Visual Studio 2013\Projects\PBProject\Debug\PBProject.pdb" /TLBID:1 /DYNAMICBASE /NXCOMPAT /IMPLIB:"C:\Users\Heuristy\Documents\Visual Studio 2013\Projects\PBProject\Debug\PBProject.lib" /MACHINE:X86 Debug\Ball.obj
         Debug\Boundary.obj
         Debug\Brick.obj
         Debug\Cube.obj
         Debug\Item.obj
         Debug\main.obj
         Debug\Shape.obj
         Debug\Sphere.obj
         Debug\Stick.obj
         Debug\vec3.obj
         PBProject.vcxproj -> C:\Users\Heuristy\Documents\Visual Studio 2013\Projects\PBProject\Debug\PBProject.exe
     1>"C:\Users\Heuristy\Documents\visual studio 2013\Projects\PBProject\PBProject\PBProject.vcxproj" 프로젝트를 빌드했습니다(Build 대상).

빌드했습니다.

경과 시간: 00:00:02.79
